[ETL] Limpiando contenedores, volúmenes y red...
a35972e2fd84
etl_prod_etl_net
c399d1ff042d79029bac5c3af248f781b46b9ec0118633e794733f5443b0cf84
Total reclaimed space: 0B
[ETL] Construyendo imagen pipeline-gen con dependencias actualizadas...
#1 [internal] load local bake definitions
#1 reading from stdin 546B done
#1 DONE 0.0s

#2 [internal] load build definition from Dockerfile.pipeline-gen
#2 transferring dockerfile: 435B 0.0s done
#2 DONE 0.1s

#3 [internal] load metadata for docker.io/library/python:3.11-slim
#3 DONE 0.4s

#4 [internal] load .dockerignore
#4 transferring context: 2B 0.0s done
#4 DONE 0.1s

#5 [internal] load build context
#5 DONE 0.0s

#6 [1/5] FROM docker.io/library/python:3.11-slim@sha256:a0939570b38cddeb861b8e75d20b1c8218b21562b18f301171904b544e8cf228
#6 resolve docker.io/library/python:3.11-slim@sha256:a0939570b38cddeb861b8e75d20b1c8218b21562b18f301171904b544e8cf228
#6 resolve docker.io/library/python:3.11-slim@sha256:a0939570b38cddeb861b8e75d20b1c8218b21562b18f301171904b544e8cf228 0.1s done
#6 DONE 0.1s

#5 [internal] load build context
#5 transferring context: 69B 0.1s done
#5 DONE 0.2s

#7 [4/5] RUN python -m pip install --no-cache-dir -r tools/requirements.txt &&     python -m pip install --no-cache-dir clickhouse-sqlalchemy==0.2.0
#7 CACHED

#8 [2/5] WORKDIR /app
#8 CACHED

#9 [3/5] COPY tools/requirements.txt tools/requirements.txt
#9 CACHED

#10 [5/5] RUN apt-get update && apt-get install -y     file     coreutils     bash     && rm -rf /var/lib/apt/lists/*
#10 CACHED

#11 exporting to image
#11 exporting layers done
#11 exporting manifest sha256:cbf20d6a1a8118085aeb0c0e0ebe4e2841d7299bb58f95618cf730bdbd223273 done
#11 exporting config sha256:5cffb3b807a59cd71b27b680759fb742ef059a2c3e185c65685b1d92de2f60b1 done
#11 exporting attestation manifest sha256:b55960d6df9b379da879f3b4b56aac4954bb7f80d5f73ff03332e8e3f0e9f7b2
#11 exporting attestation manifest sha256:b55960d6df9b379da879f3b4b56aac4954bb7f80d5f73ff03332e8e3f0e9f7b2 0.1s done
#11 exporting manifest list sha256:a4e0b40b00add0b94ca573763bd6699861e4575acdab13afd6cae107ec6a4e19
#11 exporting manifest list sha256:a4e0b40b00add0b94ca573763bd6699861e4575acdab13afd6cae107ec6a4e19 0.1s done
#11 naming to docker.io/library/pipeline-gen:latest done
#11 unpacking to docker.io/library/pipeline-gen:latest 0.0s done
#11 DONE 0.3s

#12 resolving provenance for metadata file
#12 DONE 0.0s

[ETL] Lanzando servicios principales...

[ETL] Comprobando estado de servicios...

[ETL] Verificando salud de servicios principales...
[ETL] Servicio clickhouse: Estado de salud = healthy
[ETL] Servicio superset: Estado de salud = healthy
[ETL] Servicio kafka: Estado de salud = healthy
[ETL] Servicio connect: Estado de salud = healthy
[ETL] Servicio pipeline-gen: Estado de salud = 
no-healthcheck
[ETL] Servicio etl-tools: Estado de salud = 
no-healthcheck
[ETL] Servicio configurator: Estado de salud = 
no-healthcheck
[ETL] Servicio cdc-bootstrap: Estado de salud = 
no-healthcheck
[ETL] Servicio cdc: Estado de salud = 
no-healthcheck
[ETL] Servicio superset-venv-setup: Estado de salud = unhealthy
NAMES        STATUS
connect      Up 2 minutes (healthy)
superset     Up 21 seconds (healthy)
kafka        Up 2 minutes (healthy)
clickhouse   Up 2 minutes (healthy)
[ETL] Contenido de /app en pipeline-gen:
tools
[ETL] Contenido de /app/tools en pipeline-gen:
tools
[ETL] Contenido de /app en etl-tools:
tools
[ETL] Contenido de /app/tools en etl-tools:
tools

[ETL] Todos los contenedores relevantes ya tienen acceso a los scripts y archivos de tools/ mediante el volumen compartido.

[ETL] Generando pipeline y creando tablas en ClickHouse...
[ETL] Validando sintaxis de gen_pipeline.py...
